{"/builds/root/chat-app-pipeline/app/page.tsx": {"path":"/builds/root/chat-app-pipeline/app/page.tsx","all":false,"statementMap":{"1":{"start":{"line":2,"column":0},"end":{"line":2,"column":33}},"3":{"start":{"line":4,"column":0},"end":{"line":4,"column":55}},"4":{"start":{"line":5,"column":0},"end":{"line":5,"column":43}},"5":{"start":{"line":6,"column":0},"end":{"line":6,"column":72}},"7":{"start":{"line":8,"column":0},"end":{"line":8,"column":59}},"9":{"start":{"line":10,"column":0},"end":{"line":10,"column":30}},"10":{"start":{"line":11,"column":0},"end":{"line":11,"column":53}},"12":{"start":{"line":13,"column":0},"end":{"line":13,"column":40}},"14":{"start":{"line":15,"column":0},"end":{"line":15,"column":28}},"16":{"start":{"line":17,"column":0},"end":{"line":17,"column":14}},"17":{"start":{"line":18,"column":0},"end":{"line":18,"column":33}},"18":{"start":{"line":19,"column":0},"end":{"line":19,"column":3}},"20":{"start":{"line":21,"column":0},"end":{"line":21,"column":10}},"21":{"start":{"line":22,"column":0},"end":{"line":22,"column":6}},"22":{"start":{"line":23,"column":0},"end":{"line":23,"column":47}},"24":{"start":{"line":25,"column":0},"end":{"line":25,"column":54}},"25":{"start":{"line":26,"column":0},"end":{"line":26,"column":34}},"26":{"start":{"line":27,"column":0},"end":{"line":27,"column":97}},"27":{"start":{"line":28,"column":0},"end":{"line":28,"column":16}},"29":{"start":{"line":30,"column":0},"end":{"line":30,"column":37}},"30":{"start":{"line":31,"column":0},"end":{"line":31,"column":28}},"31":{"start":{"line":32,"column":0},"end":{"line":32,"column":16}},"32":{"start":{"line":33,"column":0},"end":{"line":33,"column":14}},"35":{"start":{"line":36,"column":0},"end":{"line":36,"column":86}},"36":{"start":{"line":37,"column":0},"end":{"line":37,"column":58}},"37":{"start":{"line":38,"column":0},"end":{"line":38,"column":80}},"38":{"start":{"line":39,"column":0},"end":{"line":39,"column":46}},"40":{"start":{"line":41,"column":0},"end":{"line":41,"column":66}},"41":{"start":{"line":42,"column":0},"end":{"line":42,"column":25}},"43":{"start":{"line":44,"column":0},"end":{"line":44,"column":18}},"45":{"start":{"line":46,"column":0},"end":{"line":46,"column":27}},"46":{"start":{"line":47,"column":0},"end":{"line":47,"column":16}},"47":{"start":{"line":48,"column":0},"end":{"line":48,"column":15}},"48":{"start":{"line":49,"column":0},"end":{"line":49,"column":12}},"49":{"start":{"line":50,"column":0},"end":{"line":50,"column":7}},"51":{"start":{"line":52,"column":0},"end":{"line":52,"column":1}}},"s":{"1":1,"3":1,"4":1,"5":1,"7":1,"9":1,"10":1,"12":2,"14":2,"16":2,"17":1,"18":1,"20":1,"21":1,"22":1,"24":1,"25":1,"26":2,"27":2,"29":2,"30":2,"31":2,"32":2,"35":2,"36":2,"37":2,"38":2,"40":2,"41":2,"43":2,"45":2,"46":2,"47":2,"48":2,"49":2,"51":2},"branchMap":{"0":{"type":"branch","line":13,"loc":{"start":{"line":13,"column":0},"end":{"line":52,"column":1}},"locations":[{"start":{"line":13,"column":0},"end":{"line":52,"column":1}}]},"1":{"type":"branch","line":17,"loc":{"start":{"line":17,"column":13},"end":{"line":27,"column":84}},"locations":[{"start":{"line":17,"column":13},"end":{"line":27,"column":84}}]}},"b":{"0":[2],"1":[1]},"fnMap":{"0":{"name":"Home","decl":{"start":{"line":13,"column":0},"end":{"line":52,"column":1}},"loc":{"start":{"line":13,"column":0},"end":{"line":52,"column":1}},"line":13}},"f":{"0":2}}
,"/builds/root/chat-app-pipeline/app/api/actions/mutations.ts": {"path":"/builds/root/chat-app-pipeline/app/api/actions/mutations.ts","all":false,"statementMap":{"1":{"start":{"line":2,"column":0},"end":{"line":2,"column":24}},"2":{"start":{"line":3,"column":0},"end":{"line":3,"column":80}},"5":{"start":{"line":6,"column":0},"end":{"line":6,"column":44}},"6":{"start":{"line":7,"column":0},"end":{"line":7,"column":48}},"8":{"start":{"line":9,"column":0},"end":{"line":9,"column":30}},"10":{"start":{"line":11,"column":0},"end":{"line":11,"column":35}},"11":{"start":{"line":12,"column":0},"end":{"line":12,"column":63}},"12":{"start":{"line":13,"column":0},"end":{"line":13,"column":3}},"14":{"start":{"line":15,"column":0},"end":{"line":15,"column":61}},"16":{"start":{"line":17,"column":0},"end":{"line":17,"column":31}},"18":{"start":{"line":19,"column":0},"end":{"line":19,"column":17}},"19":{"start":{"line":20,"column":0},"end":{"line":20,"column":37}},"20":{"start":{"line":21,"column":0},"end":{"line":21,"column":3}},"22":{"start":{"line":23,"column":0},"end":{"line":23,"column":34}},"24":{"start":{"line":25,"column":0},"end":{"line":25,"column":54}},"25":{"start":{"line":26,"column":0},"end":{"line":26,"column":44}},"26":{"start":{"line":27,"column":0},"end":{"line":27,"column":3}},"28":{"start":{"line":29,"column":0},"end":{"line":29,"column":15}},"29":{"start":{"line":30,"column":0},"end":{"line":30,"column":31}},"30":{"start":{"line":31,"column":0},"end":{"line":31,"column":4}},"31":{"start":{"line":32,"column":0},"end":{"line":32,"column":49}},"33":{"start":{"line":34,"column":0},"end":{"line":34,"column":24}},"34":{"start":{"line":35,"column":0},"end":{"line":35,"column":37}},"35":{"start":{"line":36,"column":0},"end":{"line":36,"column":3}},"37":{"start":{"line":38,"column":0},"end":{"line":38,"column":6}},"38":{"start":{"line":39,"column":0},"end":{"line":39,"column":60}},"39":{"start":{"line":40,"column":0},"end":{"line":40,"column":25}},"40":{"start":{"line":41,"column":0},"end":{"line":41,"column":38}},"41":{"start":{"line":42,"column":0},"end":{"line":42,"column":3}},"43":{"start":{"line":44,"column":0},"end":{"line":44,"column":22}},"44":{"start":{"line":45,"column":0},"end":{"line":45,"column":1}},"46":{"start":{"line":47,"column":0},"end":{"line":47,"column":39}},"48":{"start":{"line":49,"column":0},"end":{"line":49,"column":60}},"50":{"start":{"line":51,"column":0},"end":{"line":51,"column":31}},"52":{"start":{"line":53,"column":0},"end":{"line":53,"column":17}},"53":{"start":{"line":54,"column":0},"end":{"line":54,"column":37}},"54":{"start":{"line":55,"column":0},"end":{"line":55,"column":3}},"56":{"start":{"line":57,"column":0},"end":{"line":57,"column":34}},"58":{"start":{"line":59,"column":0},"end":{"line":59,"column":54}},"59":{"start":{"line":60,"column":0},"end":{"line":60,"column":44}},"60":{"start":{"line":61,"column":0},"end":{"line":61,"column":3}},"62":{"start":{"line":63,"column":0},"end":{"line":63,"column":64}},"63":{"start":{"line":64,"column":0},"end":{"line":64,"column":24}},"64":{"start":{"line":65,"column":0},"end":{"line":65,"column":42}},"65":{"start":{"line":66,"column":0},"end":{"line":66,"column":3}},"67":{"start":{"line":68,"column":0},"end":{"line":68,"column":6}},"68":{"start":{"line":69,"column":0},"end":{"line":69,"column":43}},"69":{"start":{"line":70,"column":0},"end":{"line":70,"column":25}},"70":{"start":{"line":71,"column":0},"end":{"line":71,"column":38}},"71":{"start":{"line":72,"column":0},"end":{"line":72,"column":3}},"72":{"start":{"line":73,"column":0},"end":{"line":73,"column":22}},"73":{"start":{"line":74,"column":0},"end":{"line":74,"column":1}},"76":{"start":{"line":77,"column":0},"end":{"line":77,"column":36}},"77":{"start":{"line":78,"column":0},"end":{"line":78,"column":63}},"78":{"start":{"line":79,"column":0},"end":{"line":79,"column":24}},"79":{"start":{"line":80,"column":0},"end":{"line":80,"column":3}},"81":{"start":{"line":82,"column":0},"end":{"line":82,"column":55}},"83":{"start":{"line":84,"column":0},"end":{"line":84,"column":31}},"85":{"start":{"line":86,"column":0},"end":{"line":86,"column":17}},"86":{"start":{"line":87,"column":0},"end":{"line":87,"column":37}},"87":{"start":{"line":88,"column":0},"end":{"line":88,"column":3}},"89":{"start":{"line":90,"column":0},"end":{"line":90,"column":34}},"91":{"start":{"line":92,"column":0},"end":{"line":92,"column":52}},"92":{"start":{"line":93,"column":0},"end":{"line":93,"column":44}},"93":{"start":{"line":94,"column":0},"end":{"line":94,"column":3}},"95":{"start":{"line":96,"column":0},"end":{"line":96,"column":59}},"96":{"start":{"line":97,"column":0},"end":{"line":97,"column":24}},"97":{"start":{"line":98,"column":0},"end":{"line":98,"column":42}},"98":{"start":{"line":99,"column":0},"end":{"line":99,"column":3}},"100":{"start":{"line":101,"column":0},"end":{"line":101,"column":7}},"101":{"start":{"line":102,"column":0},"end":{"line":102,"column":70}},"103":{"start":{"line":104,"column":0},"end":{"line":104,"column":25}},"104":{"start":{"line":105,"column":0},"end":{"line":105,"column":38}},"105":{"start":{"line":106,"column":0},"end":{"line":106,"column":3}},"107":{"start":{"line":108,"column":0},"end":{"line":108,"column":22}},"108":{"start":{"line":109,"column":0},"end":{"line":109,"column":1}}},"s":{"1":1,"2":1,"5":1,"6":1,"8":1,"10":1,"11":1,"12":1,"14":5,"16":5,"18":5,"19":1,"20":1,"22":4,"24":5,"25":1,"26":1,"28":3,"29":3,"30":3,"31":3,"33":5,"34":1,"35":1,"37":2,"38":2,"39":1,"40":1,"41":1,"43":1,"44":1,"46":1,"48":5,"50":5,"52":5,"53":1,"54":1,"56":4,"58":5,"59":1,"60":1,"62":3,"63":5,"64":1,"65":1,"67":2,"68":2,"69":1,"70":1,"71":1,"72":1,"73":1,"76":1,"77":1,"78":1,"79":1,"81":5,"83":5,"85":5,"86":1,"87":1,"89":4,"91":5,"92":1,"93":1,"95":3,"96":5,"97":1,"98":1,"100":2,"101":2,"103":1,"104":1,"105":1,"107":1,"108":1},"branchMap":{"0":{"type":"branch","line":15,"loc":{"start":{"line":15,"column":0},"end":{"line":45,"column":1}},"locations":[{"start":{"line":15,"column":0},"end":{"line":45,"column":1}}]},"1":{"type":"branch","line":19,"loc":{"start":{"line":19,"column":16},"end":{"line":21,"column":3}},"locations":[{"start":{"line":19,"column":16},"end":{"line":21,"column":3}}]},"2":{"type":"branch","line":21,"loc":{"start":{"line":21,"column":2},"end":{"line":25,"column":53}},"locations":[{"start":{"line":21,"column":2},"end":{"line":25,"column":53}}]},"3":{"type":"branch","line":25,"loc":{"start":{"line":25,"column":53},"end":{"line":27,"column":3}},"locations":[{"start":{"line":25,"column":53},"end":{"line":27,"column":3}}]},"4":{"type":"branch","line":27,"loc":{"start":{"line":27,"column":2},"end":{"line":34,"column":23}},"locations":[{"start":{"line":27,"column":2},"end":{"line":34,"column":23}}]},"5":{"type":"branch","line":34,"loc":{"start":{"line":34,"column":23},"end":{"line":36,"column":3}},"locations":[{"start":{"line":34,"column":23},"end":{"line":36,"column":3}}]},"6":{"type":"branch","line":36,"loc":{"start":{"line":36,"column":2},"end":{"line":39,"column":60}},"locations":[{"start":{"line":36,"column":2},"end":{"line":39,"column":60}}]},"7":{"type":"branch","line":39,"loc":{"start":{"line":39,"column":58},"end":{"line":45,"column":1}},"locations":[{"start":{"line":39,"column":58},"end":{"line":45,"column":1}}]},"8":{"type":"branch","line":49,"loc":{"start":{"line":49,"column":0},"end":{"line":74,"column":1}},"locations":[{"start":{"line":49,"column":0},"end":{"line":74,"column":1}}]},"9":{"type":"branch","line":53,"loc":{"start":{"line":53,"column":16},"end":{"line":55,"column":3}},"locations":[{"start":{"line":53,"column":16},"end":{"line":55,"column":3}}]},"10":{"type":"branch","line":55,"loc":{"start":{"line":55,"column":2},"end":{"line":59,"column":53}},"locations":[{"start":{"line":55,"column":2},"end":{"line":59,"column":53}}]},"11":{"type":"branch","line":59,"loc":{"start":{"line":59,"column":53},"end":{"line":61,"column":3}},"locations":[{"start":{"line":59,"column":53},"end":{"line":61,"column":3}}]},"12":{"type":"branch","line":61,"loc":{"start":{"line":61,"column":2},"end":{"line":64,"column":23}},"locations":[{"start":{"line":61,"column":2},"end":{"line":64,"column":23}}]},"13":{"type":"branch","line":64,"loc":{"start":{"line":64,"column":23},"end":{"line":66,"column":3}},"locations":[{"start":{"line":64,"column":23},"end":{"line":66,"column":3}}]},"14":{"type":"branch","line":66,"loc":{"start":{"line":66,"column":2},"end":{"line":69,"column":43}},"locations":[{"start":{"line":66,"column":2},"end":{"line":69,"column":43}}]},"15":{"type":"branch","line":69,"loc":{"start":{"line":69,"column":41},"end":{"line":74,"column":1}},"locations":[{"start":{"line":69,"column":41},"end":{"line":74,"column":1}}]},"16":{"type":"branch","line":82,"loc":{"start":{"line":82,"column":0},"end":{"line":109,"column":1}},"locations":[{"start":{"line":82,"column":0},"end":{"line":109,"column":1}}]},"17":{"type":"branch","line":86,"loc":{"start":{"line":86,"column":16},"end":{"line":88,"column":3}},"locations":[{"start":{"line":86,"column":16},"end":{"line":88,"column":3}}]},"18":{"type":"branch","line":88,"loc":{"start":{"line":88,"column":2},"end":{"line":92,"column":51}},"locations":[{"start":{"line":88,"column":2},"end":{"line":92,"column":51}}]},"19":{"type":"branch","line":92,"loc":{"start":{"line":92,"column":51},"end":{"line":94,"column":3}},"locations":[{"start":{"line":92,"column":51},"end":{"line":94,"column":3}}]},"20":{"type":"branch","line":94,"loc":{"start":{"line":94,"column":2},"end":{"line":97,"column":23}},"locations":[{"start":{"line":94,"column":2},"end":{"line":97,"column":23}}]},"21":{"type":"branch","line":97,"loc":{"start":{"line":97,"column":23},"end":{"line":99,"column":3}},"locations":[{"start":{"line":97,"column":23},"end":{"line":99,"column":3}}]},"22":{"type":"branch","line":99,"loc":{"start":{"line":99,"column":2},"end":{"line":102,"column":70}},"locations":[{"start":{"line":99,"column":2},"end":{"line":102,"column":70}}]},"23":{"type":"branch","line":102,"loc":{"start":{"line":102,"column":68},"end":{"line":109,"column":1}},"locations":[{"start":{"line":102,"column":68},"end":{"line":109,"column":1}}]}},"b":{"0":[5],"1":[1],"2":[4],"3":[1],"4":[3],"5":[1],"6":[2],"7":[1],"8":[5],"9":[1],"10":[4],"11":[1],"12":[3],"13":[1],"14":[2],"15":[1],"16":[5],"17":[1],"18":[4],"19":[1],"20":[3],"21":[1],"22":[2],"23":[1]},"fnMap":{"0":{"name":"PostMessageAction","decl":{"start":{"line":15,"column":0},"end":{"line":45,"column":1}},"loc":{"start":{"line":15,"column":0},"end":{"line":45,"column":1}},"line":15},"1":{"name":"DeleteMessage","decl":{"start":{"line":49,"column":0},"end":{"line":74,"column":1}},"loc":{"start":{"line":49,"column":0},"end":{"line":74,"column":1}},"line":49},"2":{"name":"EditMessage","decl":{"start":{"line":82,"column":0},"end":{"line":109,"column":1}},"loc":{"start":{"line":82,"column":0},"end":{"line":109,"column":1}},"line":82}},"f":{"0":5,"1":5,"2":5}}
,"/builds/root/chat-app-pipeline/app/api/seeding/route.ts": {"path":"/builds/root/chat-app-pipeline/app/api/seeding/route.ts","all":false,"statementMap":{"1":{"start":{"line":2,"column":0},"end":{"line":2,"column":32}},"3":{"start":{"line":4,"column":0},"end":{"line":4,"column":56}},"4":{"start":{"line":5,"column":0},"end":{"line":5,"column":32}},"5":{"start":{"line":6,"column":0},"end":{"line":6,"column":57}},"8":{"start":{"line":9,"column":0},"end":{"line":9,"column":45}},"11":{"start":{"line":12,"column":0},"end":{"line":12,"column":47}},"12":{"start":{"line":13,"column":0},"end":{"line":13,"column":19}},"13":{"start":{"line":14,"column":0},"end":{"line":14,"column":29}},"14":{"start":{"line":15,"column":0},"end":{"line":15,"column":63}},"15":{"start":{"line":16,"column":0},"end":{"line":16,"column":21}},"16":{"start":{"line":17,"column":0},"end":{"line":17,"column":6}},"17":{"start":{"line":18,"column":0},"end":{"line":18,"column":3}},"18":{"start":{"line":19,"column":0},"end":{"line":19,"column":18}},"19":{"start":{"line":20,"column":0},"end":{"line":20,"column":45}},"20":{"start":{"line":21,"column":0},"end":{"line":21,"column":40}},"23":{"start":{"line":24,"column":0},"end":{"line":24,"column":53}},"24":{"start":{"line":25,"column":0},"end":{"line":25,"column":84}},"25":{"start":{"line":26,"column":0},"end":{"line":26,"column":3}},"28":{"start":{"line":29,"column":0},"end":{"line":29,"column":6}},"29":{"start":{"line":30,"column":0},"end":{"line":30,"column":53}},"30":{"start":{"line":31,"column":0},"end":{"line":31,"column":22}},"33":{"start":{"line":34,"column":0},"end":{"line":34,"column":59}},"35":{"start":{"line":36,"column":0},"end":{"line":36,"column":35}},"37":{"start":{"line":38,"column":0},"end":{"line":38,"column":61}},"39":{"start":{"line":40,"column":0},"end":{"line":40,"column":27}},"40":{"start":{"line":41,"column":0},"end":{"line":41,"column":101}},"41":{"start":{"line":42,"column":0},"end":{"line":42,"column":7}},"43":{"start":{"line":44,"column":0},"end":{"line":44,"column":27}},"44":{"start":{"line":45,"column":0},"end":{"line":45,"column":92}},"45":{"start":{"line":46,"column":0},"end":{"line":46,"column":5}},"48":{"start":{"line":49,"column":0},"end":{"line":49,"column":7}},"50":{"start":{"line":51,"column":0},"end":{"line":51,"column":22}},"57":{"start":{"line":58,"column":0},"end":{"line":58,"column":7}},"59":{"start":{"line":60,"column":0},"end":{"line":60,"column":22}},"71":{"start":{"line":72,"column":0},"end":{"line":72,"column":7}},"73":{"start":{"line":74,"column":0},"end":{"line":74,"column":71}},"74":{"start":{"line":75,"column":0},"end":{"line":75,"column":25}},"75":{"start":{"line":76,"column":0},"end":{"line":76,"column":90}},"76":{"start":{"line":77,"column":0},"end":{"line":77,"column":3}},"77":{"start":{"line":78,"column":0},"end":{"line":78,"column":1}}},"s":{"1":1,"3":1,"4":1,"5":1,"8":8,"11":8,"12":8,"13":1,"14":1,"15":1,"16":1,"17":1,"18":7,"19":7,"20":1,"23":8,"24":2,"25":2,"28":5,"29":5,"30":5,"33":5,"35":5,"37":4,"39":8,"40":1,"41":1,"43":8,"44":1,"45":1,"48":3,"50":3,"57":3,"59":2,"71":2,"73":1,"74":8,"75":2,"76":2,"77":8},"branchMap":{"0":{"type":"branch","line":9,"loc":{"start":{"line":9,"column":0},"end":{"line":78,"column":1}},"locations":[{"start":{"line":9,"column":0},"end":{"line":78,"column":1}}]},"1":{"type":"branch","line":13,"loc":{"start":{"line":13,"column":18},"end":{"line":18,"column":3}},"locations":[{"start":{"line":13,"column":18},"end":{"line":18,"column":3}}]},"2":{"type":"branch","line":18,"loc":{"start":{"line":18,"column":2},"end":{"line":20,"column":45}},"locations":[{"start":{"line":18,"column":2},"end":{"line":20,"column":45}}]},"3":{"type":"branch","line":20,"loc":{"start":{"line":20,"column":41},"end":{"line":21,"column":40}},"locations":[{"start":{"line":20,"column":41},"end":{"line":21,"column":40}}]},"4":{"type":"branch","line":24,"loc":{"start":{"line":24,"column":7},"end":{"line":24,"column":52}},"locations":[{"start":{"line":24,"column":7},"end":{"line":24,"column":52}}]},"5":{"type":"branch","line":24,"loc":{"start":{"line":24,"column":52},"end":{"line":26,"column":3}},"locations":[{"start":{"line":24,"column":52},"end":{"line":26,"column":3}}]},"6":{"type":"branch","line":26,"loc":{"start":{"line":26,"column":2},"end":{"line":36,"column":35}},"locations":[{"start":{"line":26,"column":2},"end":{"line":36,"column":35}}]},"7":{"type":"branch","line":36,"loc":{"start":{"line":36,"column":31},"end":{"line":40,"column":26}},"locations":[{"start":{"line":36,"column":31},"end":{"line":40,"column":26}}]},"8":{"type":"branch","line":40,"loc":{"start":{"line":40,"column":26},"end":{"line":42,"column":7}},"locations":[{"start":{"line":40,"column":26},"end":{"line":42,"column":7}}]},"9":{"type":"branch","line":44,"loc":{"start":{"line":44,"column":4},"end":{"line":46,"column":5}},"locations":[{"start":{"line":44,"column":4},"end":{"line":46,"column":5}}]},"10":{"type":"branch","line":46,"loc":{"start":{"line":46,"column":4},"end":{"line":58,"column":7}},"locations":[{"start":{"line":46,"column":4},"end":{"line":58,"column":7}}]},"11":{"type":"branch","line":58,"loc":{"start":{"line":58,"column":5},"end":{"line":72,"column":7}},"locations":[{"start":{"line":58,"column":5},"end":{"line":72,"column":7}}]},"12":{"type":"branch","line":72,"loc":{"start":{"line":72,"column":5},"end":{"line":75,"column":11}},"locations":[{"start":{"line":72,"column":5},"end":{"line":75,"column":11}}]},"13":{"type":"branch","line":75,"loc":{"start":{"line":75,"column":2},"end":{"line":77,"column":3}},"locations":[{"start":{"line":75,"column":2},"end":{"line":77,"column":3}}]}},"b":{"0":[8],"1":[1],"2":[7],"3":[1],"4":[7],"5":[2],"6":[5],"7":[4],"8":[1],"9":[1],"10":[3],"11":[2],"12":[1],"13":[2]},"fnMap":{"0":{"name":"GET","decl":{"start":{"line":9,"column":0},"end":{"line":78,"column":1}},"loc":{"start":{"line":9,"column":0},"end":{"line":78,"column":1}},"line":9}},"f":{"0":8}}
,"/builds/root/chat-app-pipeline/lib/authcheck.ts": {"path":"/builds/root/chat-app-pipeline/lib/authcheck.ts","all":false,"statementMap":{"1":{"start":{"line":2,"column":0},"end":{"line":2,"column":61}},"2":{"start":{"line":3,"column":0},"end":{"line":3,"column":73}},"3":{"start":{"line":4,"column":0},"end":{"line":4,"column":59}},"4":{"start":{"line":5,"column":0},"end":{"line":5,"column":44}},"5":{"start":{"line":6,"column":0},"end":{"line":6,"column":2}},"8":{"start":{"line":9,"column":0},"end":{"line":9,"column":77}},"9":{"start":{"line":10,"column":0},"end":{"line":10,"column":74}},"10":{"start":{"line":11,"column":0},"end":{"line":11,"column":1}}},"s":{"1":1,"2":1,"3":1,"4":1,"5":1,"8":1,"9":4,"10":4},"branchMap":{"0":{"type":"branch","line":9,"loc":{"start":{"line":9,"column":7},"end":{"line":11,"column":1}},"locations":[{"start":{"line":9,"column":7},"end":{"line":11,"column":1}}]},"1":{"type":"branch","line":10,"loc":{"start":{"line":10,"column":20},"end":{"line":10,"column":72}},"locations":[{"start":{"line":10,"column":20},"end":{"line":10,"column":72}}]}},"b":{"0":[4],"1":[4]},"fnMap":{"0":{"name":"hasPermission","decl":{"start":{"line":9,"column":7},"end":{"line":11,"column":1}},"loc":{"start":{"line":9,"column":7},"end":{"line":11,"column":1}},"line":9}},"f":{"0":4}}
,"/builds/root/chat-app-pipeline/lib/dbquery.ts": {"path":"/builds/root/chat-app-pipeline/lib/dbquery.ts","all":false,"statementMap":{"1":{"start":{"line":2,"column":0},"end":{"line":2,"column":28}},"3":{"start":{"line":4,"column":0},"end":{"line":4,"column":57}},"4":{"start":{"line":5,"column":0},"end":{"line":5,"column":34}},"5":{"start":{"line":6,"column":0},"end":{"line":6,"column":58}},"6":{"start":{"line":7,"column":0},"end":{"line":7,"column":13}},"7":{"start":{"line":8,"column":0},"end":{"line":8,"column":4}},"8":{"start":{"line":9,"column":0},"end":{"line":9,"column":14}},"9":{"start":{"line":10,"column":0},"end":{"line":10,"column":1}},"19":{"start":{"line":20,"column":0},"end":{"line":20,"column":64}},"20":{"start":{"line":21,"column":0},"end":{"line":21,"column":48}},"21":{"start":{"line":22,"column":0},"end":{"line":22,"column":184}},"22":{"start":{"line":23,"column":0},"end":{"line":23,"column":4}},"23":{"start":{"line":24,"column":0},"end":{"line":24,"column":14}},"24":{"start":{"line":25,"column":0},"end":{"line":25,"column":1}},"30":{"start":{"line":31,"column":0},"end":{"line":31,"column":74}},"31":{"start":{"line":32,"column":0},"end":{"line":32,"column":44}},"32":{"start":{"line":33,"column":0},"end":{"line":33,"column":73}},"33":{"start":{"line":34,"column":0},"end":{"line":34,"column":14}},"34":{"start":{"line":35,"column":0},"end":{"line":35,"column":4}},"35":{"start":{"line":36,"column":0},"end":{"line":36,"column":45}},"36":{"start":{"line":37,"column":0},"end":{"line":37,"column":1}},"38":{"start":{"line":39,"column":0},"end":{"line":39,"column":78}},"40":{"start":{"line":41,"column":0},"end":{"line":41,"column":19}},"41":{"start":{"line":42,"column":0},"end":{"line":42,"column":42}},"46":{"start":{"line":47,"column":0},"end":{"line":47,"column":24}},"47":{"start":{"line":48,"column":0},"end":{"line":48,"column":4}},"48":{"start":{"line":49,"column":0},"end":{"line":49,"column":1}},"50":{"start":{"line":51,"column":0},"end":{"line":51,"column":66}},"51":{"start":{"line":52,"column":0},"end":{"line":52,"column":19}},"52":{"start":{"line":53,"column":0},"end":{"line":53,"column":61}},"53":{"start":{"line":54,"column":0},"end":{"line":54,"column":19}},"54":{"start":{"line":55,"column":0},"end":{"line":55,"column":4}},"55":{"start":{"line":56,"column":0},"end":{"line":56,"column":1}},"57":{"start":{"line":58,"column":0},"end":{"line":58,"column":58}},"58":{"start":{"line":59,"column":0},"end":{"line":59,"column":69}},"59":{"start":{"line":60,"column":0},"end":{"line":60,"column":1}},"61":{"start":{"line":62,"column":0},"end":{"line":62,"column":68}},"62":{"start":{"line":63,"column":0},"end":{"line":63,"column":86}},"63":{"start":{"line":64,"column":0},"end":{"line":64,"column":1}}},"s":{"1":1,"3":1,"4":1,"5":1,"6":1,"7":1,"8":1,"9":1,"19":1,"20":1,"21":1,"22":1,"23":1,"24":1,"30":2,"31":2,"32":2,"33":2,"34":2,"35":2,"36":2,"38":1,"40":1,"41":1,"46":1,"47":1,"48":1,"50":1,"51":1,"52":1,"53":1,"54":1,"55":1,"57":1,"58":1,"59":1,"61":1,"62":1,"63":1},"branchMap":{"0":{"type":"branch","line":4,"loc":{"start":{"line":4,"column":0},"end":{"line":10,"column":1}},"locations":[{"start":{"line":4,"column":0},"end":{"line":10,"column":1}}]},"1":{"type":"branch","line":20,"loc":{"start":{"line":20,"column":0},"end":{"line":25,"column":1}},"locations":[{"start":{"line":20,"column":0},"end":{"line":25,"column":1}}]},"2":{"type":"branch","line":31,"loc":{"start":{"line":31,"column":0},"end":{"line":37,"column":1}},"locations":[{"start":{"line":31,"column":0},"end":{"line":37,"column":1}}]},"3":{"type":"branch","line":36,"loc":{"start":{"line":36,"column":25},"end":{"line":36,"column":34}},"locations":[{"start":{"line":36,"column":25},"end":{"line":36,"column":34}}]},"4":{"type":"branch","line":36,"loc":{"start":{"line":36,"column":29},"end":{"line":36,"column":45}},"locations":[{"start":{"line":36,"column":29},"end":{"line":36,"column":45}}]},"5":{"type":"branch","line":39,"loc":{"start":{"line":39,"column":0},"end":{"line":49,"column":1}},"locations":[{"start":{"line":39,"column":0},"end":{"line":49,"column":1}}]},"6":{"type":"branch","line":51,"loc":{"start":{"line":51,"column":0},"end":{"line":56,"column":1}},"locations":[{"start":{"line":51,"column":0},"end":{"line":56,"column":1}}]},"7":{"type":"branch","line":58,"loc":{"start":{"line":58,"column":0},"end":{"line":60,"column":1}},"locations":[{"start":{"line":58,"column":0},"end":{"line":60,"column":1}}]},"8":{"type":"branch","line":62,"loc":{"start":{"line":62,"column":0},"end":{"line":64,"column":1}},"locations":[{"start":{"line":62,"column":0},"end":{"line":64,"column":1}}]}},"b":{"0":[1],"1":[1],"2":[2],"3":[1],"4":[1],"5":[1],"6":[1],"7":[1],"8":[1]},"fnMap":{"0":{"name":"getMessagesByUser","decl":{"start":{"line":4,"column":0},"end":{"line":10,"column":1}},"loc":{"start":{"line":4,"column":0},"end":{"line":10,"column":1}},"line":4},"1":{"name":"getAllMessages","decl":{"start":{"line":20,"column":0},"end":{"line":25,"column":1}},"loc":{"start":{"line":20,"column":0},"end":{"line":25,"column":1}},"line":20},"2":{"name":"GetUserPKByUUID","decl":{"start":{"line":31,"column":0},"end":{"line":37,"column":1}},"loc":{"start":{"line":31,"column":0},"end":{"line":37,"column":1}},"line":31},"3":{"name":"CreateNewUserRecord","decl":{"start":{"line":39,"column":0},"end":{"line":49,"column":1}},"loc":{"start":{"line":39,"column":0},"end":{"line":49,"column":1}},"line":39},"4":{"name":"PostMessage","decl":{"start":{"line":51,"column":0},"end":{"line":56,"column":1}},"loc":{"start":{"line":51,"column":0},"end":{"line":56,"column":1}},"line":51},"5":{"name":"DeleteMessageById","decl":{"start":{"line":58,"column":0},"end":{"line":60,"column":1}},"loc":{"start":{"line":58,"column":0},"end":{"line":60,"column":1}},"line":58},"6":{"name":"EditMessageById","decl":{"start":{"line":62,"column":0},"end":{"line":64,"column":1}},"loc":{"start":{"line":62,"column":0},"end":{"line":64,"column":1}},"line":62}},"f":{"0":1,"1":1,"2":2,"3":1,"4":1,"5":1,"6":1}}
,"/builds/root/chat-app-pipeline/lib/utils.ts": {"path":"/builds/root/chat-app-pipeline/lib/utils.ts","all":false,"statementMap":{"0":{"start":{"line":1,"column":0},"end":{"line":1,"column":28}},"10":{"start":{"line":11,"column":0},"end":{"line":11,"column":40}},"11":{"start":{"line":12,"column":0},"end":{"line":12,"column":39}},"12":{"start":{"line":13,"column":0},"end":{"line":13,"column":20}},"13":{"start":{"line":14,"column":0},"end":{"line":14,"column":22}},"14":{"start":{"line":15,"column":0},"end":{"line":15,"column":19}},"15":{"start":{"line":16,"column":0},"end":{"line":16,"column":19}},"16":{"start":{"line":17,"column":0},"end":{"line":17,"column":20}},"17":{"start":{"line":18,"column":0},"end":{"line":18,"column":22}},"18":{"start":{"line":19,"column":0},"end":{"line":19,"column":1}},"29":{"start":{"line":30,"column":0},"end":{"line":30,"column":65}},"30":{"start":{"line":31,"column":0},"end":{"line":31,"column":45}},"31":{"start":{"line":32,"column":0},"end":{"line":32,"column":1}},"40":{"start":{"line":41,"column":0},"end":{"line":41,"column":58}},"41":{"start":{"line":42,"column":0},"end":{"line":42,"column":44}},"42":{"start":{"line":43,"column":0},"end":{"line":43,"column":66}},"43":{"start":{"line":44,"column":0},"end":{"line":44,"column":34}},"44":{"start":{"line":45,"column":0},"end":{"line":45,"column":1}},"46":{"start":{"line":47,"column":0},"end":{"line":47,"column":55}},"47":{"start":{"line":48,"column":0},"end":{"line":48,"column":47}},"48":{"start":{"line":49,"column":0},"end":{"line":49,"column":42}},"49":{"start":{"line":50,"column":0},"end":{"line":50,"column":25}},"50":{"start":{"line":51,"column":0},"end":{"line":51,"column":1}},"51":{"start":{"line":52,"column":0},"end":{"line":52,"column":49}},"52":{"start":{"line":53,"column":0},"end":{"line":53,"column":34}},"53":{"start":{"line":54,"column":0},"end":{"line":54,"column":34}},"54":{"start":{"line":55,"column":0},"end":{"line":55,"column":41}},"55":{"start":{"line":56,"column":0},"end":{"line":56,"column":37}},"56":{"start":{"line":57,"column":0},"end":{"line":57,"column":1}}},"s":{"0":1,"10":1,"11":1,"12":1,"13":1,"14":1,"15":1,"16":1,"17":1,"18":1,"29":1,"30":2,"31":2,"40":1,"41":2,"42":2,"43":2,"44":2,"46":1,"47":5,"48":5,"49":3,"50":3,"51":1,"52":5,"53":5,"54":5,"55":3,"56":3},"branchMap":{"0":{"type":"branch","line":11,"loc":{"start":{"line":11,"column":7},"end":{"line":19,"column":1}},"locations":[{"start":{"line":11,"column":7},"end":{"line":19,"column":1}}]},"1":{"type":"branch","line":30,"loc":{"start":{"line":30,"column":7},"end":{"line":32,"column":1}},"locations":[{"start":{"line":30,"column":7},"end":{"line":32,"column":1}}]},"2":{"type":"branch","line":41,"loc":{"start":{"line":41,"column":7},"end":{"line":45,"column":1}},"locations":[{"start":{"line":41,"column":7},"end":{"line":45,"column":1}}]},"3":{"type":"branch","line":47,"loc":{"start":{"line":47,"column":7},"end":{"line":51,"column":1}},"locations":[{"start":{"line":47,"column":7},"end":{"line":51,"column":1}}]},"4":{"type":"branch","line":48,"loc":{"start":{"line":48,"column":28},"end":{"line":48,"column":47}},"locations":[{"start":{"line":48,"column":28},"end":{"line":48,"column":47}}]},"5":{"type":"branch","line":48,"loc":{"start":{"line":48,"column":39},"end":{"line":49,"column":38}},"locations":[{"start":{"line":48,"column":39},"end":{"line":49,"column":38}}]},"6":{"type":"branch","line":49,"loc":{"start":{"line":49,"column":31},"end":{"line":49,"column":42}},"locations":[{"start":{"line":49,"column":31},"end":{"line":49,"column":42}}]},"7":{"type":"branch","line":49,"loc":{"start":{"line":49,"column":38},"end":{"line":51,"column":1}},"locations":[{"start":{"line":49,"column":38},"end":{"line":51,"column":1}}]},"8":{"type":"branch","line":52,"loc":{"start":{"line":52,"column":7},"end":{"line":57,"column":1}},"locations":[{"start":{"line":52,"column":7},"end":{"line":57,"column":1}}]},"9":{"type":"branch","line":55,"loc":{"start":{"line":55,"column":29},"end":{"line":55,"column":41}},"locations":[{"start":{"line":55,"column":29},"end":{"line":55,"column":41}}]},"10":{"type":"branch","line":55,"loc":{"start":{"line":55,"column":36},"end":{"line":57,"column":1}},"locations":[{"start":{"line":55,"column":36},"end":{"line":57,"column":1}}]}},"b":{"0":[1],"1":[2],"2":[2],"3":[5],"4":[1],"5":[4],"6":[1],"7":[3],"8":[5],"9":[2],"10":[3]},"fnMap":{"0":{"name":"formatDate","decl":{"start":{"line":11,"column":7},"end":{"line":19,"column":1}},"loc":{"start":{"line":11,"column":7},"end":{"line":19,"column":1}},"line":11},"1":{"name":"equalsIgnoreCase","decl":{"start":{"line":30,"column":7},"end":{"line":32,"column":1}},"loc":{"start":{"line":30,"column":7},"end":{"line":32,"column":1}},"line":30},"2":{"name":"decodeJwt","decl":{"start":{"line":41,"column":7},"end":{"line":45,"column":1}},"loc":{"start":{"line":41,"column":7},"end":{"line":45,"column":1}},"line":41},"3":{"name":"getErrorMessage","decl":{"start":{"line":47,"column":7},"end":{"line":51,"column":1}},"loc":{"start":{"line":47,"column":7},"end":{"line":51,"column":1}},"line":47},"4":{"name":"safeEqual","decl":{"start":{"line":52,"column":7},"end":{"line":57,"column":1}},"loc":{"start":{"line":52,"column":7},"end":{"line":57,"column":1}},"line":52}},"f":{"0":1,"1":2,"2":2,"3":5,"4":5}}
}
